[2025-10-06 15:46:56] Warning 34567: Low memory
[2025-10-06 15:46:56] Completed 78901: Finished successfully
[2025-10-06 16:59:29] Warning: [adults] Multiple complete datasets for vpid=80011
[2025-10-06 16:59:29] Warning: [adults] Multiple complete datasets for vpid=80009
[2025-10-06 16:59:29] Warning: [adults] Multiple complete datasets for vpid=30099
[2025-10-06 17:00:55] Warning: [adults] Multiple complete datasets for vpid=80011
[2025-10-06 17:00:55] Warning: [adults] Multiple complete datasets for vpid=80009
[2025-10-06 17:00:55] Warning: [adults] Multiple complete datasets for vpid=30099
[2025-10-06 17:00:55] Warning: [adolescents] Multiple complete datasets for vpid=70076
[2025-10-06 17:00:55] Warning: [adolescents] Multiple complete datasets for vpid=70072
[2025-10-06 17:00:55] Warning: [adolescents] Multiple complete datasets for vpid=70062
[2025-10-06 17:00:57] Warning: [adults] Multiple complete datasets for id=30099
[2025-10-06 18:13:49] Warning: [adults | questionnaire] Multiple complete datasets for vpid=80011
[2025-10-06 18:13:49] Warning: [adults | questionnaire] Multiple complete datasets for vpid=80009
[2025-10-06 18:13:49] Warning: [adults | questionnaire] Multiple complete datasets for vpid=30099
[2025-10-06 18:13:50] Warning: [adolescents | questionnaire] Multiple complete datasets for vpid=70076
[2025-10-06 18:13:50] Warning: [adolescents | questionnaire] Multiple complete datasets for vpid=70072
[2025-10-06 18:13:50] Warning: [adolescents | questionnaire] Multiple complete datasets for vpid=70062
[2025-10-06 18:13:52] Warning: [adults | experiment_data] Multiple complete datasets for id=30099
[2025-10-06 18:44:10] Warning: [adults | questionnaire] Multiple complete datasets for vpid=80011
[2025-10-06 18:44:10] Warning: [adults | questionnaire] Multiple complete datasets for vpid=80009
[2025-10-06 18:44:10] Warning: [adults | questionnaire] Multiple complete datasets for vpid=30099
[2025-10-06 18:44:10] Warning: [adolescents | questionnaire] Multiple complete datasets for vpid=70076
[2025-10-06 18:44:10] Warning: [adolescents | questionnaire] Multiple complete datasets for vpid=70072
[2025-10-06 18:44:10] Warning: [adolescents | questionnaire] Multiple complete datasets for vpid=70062
[2025-10-06 18:44:12] Warning: [adults | experiment_data] Multiple complete datasets for id=30099
[2025-10-06 18:52:41] Warning: [adults | questionnaire] Multiple complete datasets for vpid=80011
[2025-10-06 18:52:41] Warning: [adults | questionnaire] Multiple complete datasets for vpid=80009
[2025-10-06 18:52:41] Warning: [adults | questionnaire] Multiple complete datasets for vpid=30099
[2025-10-06 18:52:41] Warning: [adolescents | questionnaire] Multiple complete datasets for vpid=70076
[2025-10-06 18:52:41] Warning: [adolescents | questionnaire] Multiple complete datasets for vpid=70072
[2025-10-06 18:52:41] Warning: [adolescents | questionnaire] Multiple complete datasets for vpid=70062
[2025-10-06 18:52:44] Warning: [adults | experiment_data] Multiple complete datasets for id=30099
[2025-10-06 19:13:17] Warning: [adults | questionnaire] Multiple complete datasets for vpid=80011
[2025-10-06 19:13:17] Warning: [adults | questionnaire] Multiple complete datasets for vpid=80009
[2025-10-06 19:13:17] Warning: [adults | questionnaire] Multiple complete datasets for vpid=30099
[2025-10-06 19:13:17] Warning: [adolescents | questionnaire] Multiple complete datasets for vpid=70076
[2025-10-06 19:13:17] Warning: [adolescents | questionnaire] Multiple complete datasets for vpid=70072
[2025-10-06 19:13:17] Warning: [adolescents | questionnaire] Multiple complete datasets for vpid=70062
[2025-10-06 19:13:19] Warning: [adults | experiment_data] Multiple complete datasets for id=30099
